  Building Custom Rule C:/Users/Seo/Desktop/Yolo/darknet-master/CMakeLists.txt
  Compiling CUDA source file src\activation_kernels.cu...
  Compiling CUDA source file src\avgpool_layer_kernels.cu...
  
  C:\Users\Seo\Desktop\Yolo\darknet-master>"C:\Program Files\NVIDIA GPU Computing Toolkit\CUDA\v11.4\bin\nvcc.exe" -gencode=arch=compute_52,code=\"compute_52,compute_52\" -gencode=arch=compute_52,code=\"sm_52,compute_52\" --use-local-env -ccbin "C:\Program Files (x86)\Microsoft Visual Studio\2019\Community\VC\Tools\MSVC\14.29.30133\bin\HostX64\x64" -x cu -rdc=true  -I"C:\Users\Seo\Desktop\Yolo\darknet-master\include" -I"C:\Users\Seo\Desktop\Yolo\darknet-master\src" -I"C:\Users\Seo\Desktop\Yolo\darknet-master\3rdparty\stb\include" -IC:\opencv\build\include -I"C:\Program Files\NVIDIA GPU Computing Toolkit\CUDA\v11.4\include" -I"C:\Users\Seo\Desktop\Yolo\darknet-master\3rdparty\pthreads\include" -I"C:\Program Files\NVIDIA GPU Computing Toolkit\CUDA\v11.4\include"     --keep-dir x64\Debug  -maxrregcount=0  --machine 64 --compile -cudart shared -Wno-deprecated-declarations -Xcompiler="/wd4013,/wd4018,/wd4028,/wd4047,/wd4068,/wd4090,/wd4101,/wd4113,/wd4133,/wd4190,/wd4244,/wd4267,/wd4305,/wd4477,/wd4996,/wd4819,/fp:fast,/DGPU,/DCUDNN,/DOPENCV /EHsc -Zi -Ob0" -g  -D_WINDOWS -DLIB_EXPORTS=1 -DUSE_CMAKE_LIBS -DCUDNN -DOPENCV -D_CRT_RAND_S -DNOMINMAX -D_USE_MATH_DEFINES -D_CRT_SECURE_NO_WARNINGS -DGPU -D_TIMESPEC_DEFINED -D"CMAKE_INTDIR=\"Debug\"" -Ddark_EXPORTS -D_WINDLL -D_MBCS -DWIN32 -D_WINDOWS -DLIB_EXPORTS=1 -DUSE_CMAKE_LIBS -DCUDNN -DOPENCV -D_CRT_RAND_S -DNOMINMAX -D_USE_MATH_DEFINES -D_CRT_SECURE_NO_WARNINGS -DGPU -D_TIMESPEC_DEFINED -D"CMAKE_INTDIR=\"Debug\"" -Ddark_EXPORTS -Xcompiler "/EHsc /W1 /nologo /Od /Fddark.dir\Debug\vc142.pdb /FS /Zi /RTC1 /MDd /GR" -o dark.dir\Debug\activation_kernels.obj "C:\Users\Seo\Desktop\Yolo\darknet-master\src\activation_kernels.cu" 
  
  C:\Users\Seo\Desktop\Yolo\darknet-master>"C:\Program Files\NVIDIA GPU Computing Toolkit\CUDA\v11.4\bin\nvcc.exe" -gencode=arch=compute_52,code=\"compute_52,compute_52\" -gencode=arch=compute_52,code=\"sm_52,compute_52\" --use-local-env -ccbin "C:\Program Files (x86)\Microsoft Visual Studio\2019\Community\VC\Tools\MSVC\14.29.30133\bin\HostX64\x64" -x cu -rdc=true  -I"C:\Users\Seo\Desktop\Yolo\darknet-master\include" -I"C:\Users\Seo\Desktop\Yolo\darknet-master\src" -I"C:\Users\Seo\Desktop\Yolo\darknet-master\3rdparty\stb\include" -IC:\opencv\build\include -I"C:\Program Files\NVIDIA GPU Computing Toolkit\CUDA\v11.4\include" -I"C:\Users\Seo\Desktop\Yolo\darknet-master\3rdparty\pthreads\include" -I"C:\Program Files\NVIDIA GPU Computing Toolkit\CUDA\v11.4\include"     --keep-dir x64\Debug  -maxrregcount=0  --machine 64 --compile -cudart shared -Wno-deprecated-declarations -Xcompiler="/wd4013,/wd4018,/wd4028,/wd4047,/wd4068,/wd4090,/wd4101,/wd4113,/wd4133,/wd4190,/wd4244,/wd4267,/wd4305,/wd4477,/wd4996,/wd4819,/fp:fast,/DGPU,/DCUDNN,/DOPENCV /EHsc -Zi -Ob0" -g  -D_WINDOWS -DLIB_EXPORTS=1 -DUSE_CMAKE_LIBS -DCUDNN -DOPENCV -D_CRT_RAND_S -DNOMINMAX -D_USE_MATH_DEFINES -D_CRT_SECURE_NO_WARNINGS -DGPU -D_TIMESPEC_DEFINED -D"CMAKE_INTDIR=\"Debug\"" -Ddark_EXPORTS -D_WINDLL -D_MBCS -DWIN32 -D_WINDOWS -DLIB_EXPORTS=1 -DUSE_CMAKE_LIBS -DCUDNN -DOPENCV -D_CRT_RAND_S -DNOMINMAX -D_USE_MATH_DEFINES -D_CRT_SECURE_NO_WARNINGS -DGPU -D_TIMESPEC_DEFINED -D"CMAKE_INTDIR=\"Debug\"" -Ddark_EXPORTS -Xcompiler "/EHsc /W1 /nologo /Od /Fddark.dir\Debug\vc142.pdb /FS /Zi /RTC1 /MDd /GR" -o dark.dir\Debug\avgpool_layer_kernels.obj "C:\Users\Seo\Desktop\Yolo\darknet-master\src\avgpool_layer_kernels.cu" 
c:\users\seo\desktop\yolo\darknet-master\src\activation_kernels.cu(263): warning : variable "MISH_THRESHOLD" was declared but never referenced
  
  Compiling CUDA source file src\blas_kernels.cu...
  Compiling CUDA source file src\col2im_kernels.cu...
  Compiling CUDA source file src\maxpool_layer_kernels.cu...
  Compiling CUDA source file src\dropout_layer_kernels.cu...
  Compiling CUDA source file src\convolutional_kernels.cu...
  Compiling CUDA source file src\deconvolutional_kernels.cu...
  Compiling CUDA source file src\im2col_kernels.cu...
  Compiling CUDA source file src\crop_layer_kernels.cu...
  Compiling CUDA source file src\network_kernels.cu...
  
  C:\Users\Seo\Desktop\Yolo\darknet-master>"C:\Program Files\NVIDIA GPU Computing Toolkit\CUDA\v11.4\bin\nvcc.exe" -gencode=arch=compute_52,code=\"compute_52,compute_52\" -gencode=arch=compute_52,code=\"sm_52,compute_52\" --use-local-env -ccbin "C:\Program Files (x86)\Microsoft Visual Studio\2019\Community\VC\Tools\MSVC\14.29.30133\bin\HostX64\x64" -x cu -rdc=true  -I"C:\Users\Seo\Desktop\Yolo\darknet-master\include" -I"C:\Users\Seo\Desktop\Yolo\darknet-master\src" -I"C:\Users\Seo\Desktop\Yolo\darknet-master\3rdparty\stb\include" -IC:\opencv\build\include -I"C:\Program Files\NVIDIA GPU Computing Toolkit\CUDA\v11.4\include" -I"C:\Users\Seo\Desktop\Yolo\darknet-master\3rdparty\pthreads\include" -I"C:\Program Files\NVIDIA GPU Computing Toolkit\CUDA\v11.4\include"     --keep-dir x64\Debug  -maxrregcount=0  --machine 64 --compile -cudart shared -Wno-deprecated-declarations -Xcompiler="/wd4013,/wd4018,/wd4028,/wd4047,/wd4068,/wd4090,/wd4101,/wd4113,/wd4133,/wd4190,/wd4244,/wd4267,/wd4305,/wd4477,/wd4996,/wd4819,/fp:fast,/DGPU,/DCUDNN,/DOPENCV /EHsc -Zi -Ob0" -g  -D_WINDOWS -DLIB_EXPORTS=1 -DUSE_CMAKE_LIBS -DCUDNN -DOPENCV -D_CRT_RAND_S -DNOMINMAX -D_USE_MATH_DEFINES -D_CRT_SECURE_NO_WARNINGS -DGPU -D_TIMESPEC_DEFINED -D"CMAKE_INTDIR=\"Debug\"" -Ddark_EXPORTS -D_WINDLL -D_MBCS -DWIN32 -D_WINDOWS -DLIB_EXPORTS=1 -DUSE_CMAKE_LIBS -DCUDNN -DOPENCV -D_CRT_RAND_S -DNOMINMAX -D_USE_MATH_DEFINES -D_CRT_SECURE_NO_WARNINGS -DGPU -D_TIMESPEC_DEFINED -D"CMAKE_INTDIR=\"Debug\"" -Ddark_EXPORTS -Xcompiler "/EHsc /W1 /nologo /Od /Fddark.dir\Debug\vc142.pdb /FS /Zi /RTC1 /MDd /GR" -o dark.dir\Debug\im2col_kernels.obj "C:\Users\Seo\Desktop\Yolo\darknet-master\src\im2col_kernels.cu" 
  
  C:\Users\Seo\Desktop\Yolo\darknet-master>"C:\Program Files\NVIDIA GPU Computing Toolkit\CUDA\v11.4\bin\nvcc.exe" -gencode=arch=compute_52,code=\"compute_52,compute_52\" -gencode=arch=compute_52,code=\"sm_52,compute_52\" --use-local-env -ccbin "C:\Program Files (x86)\Microsoft Visual Studio\2019\Community\VC\Tools\MSVC\14.29.30133\bin\HostX64\x64" -x cu -rdc=true  -I"C:\Users\Seo\Desktop\Yolo\darknet-master\include" -I"C:\Users\Seo\Desktop\Yolo\darknet-master\src" -I"C:\Users\Seo\Desktop\Yolo\darknet-master\3rdparty\stb\include" -IC:\opencv\build\include -I"C:\Program Files\NVIDIA GPU Computing Toolkit\CUDA\v11.4\include" -I"C:\Users\Seo\Desktop\Yolo\darknet-master\3rdparty\pthreads\include" -I"C:\Program Files\NVIDIA GPU Computing Toolkit\CUDA\v11.4\include"     --keep-dir x64\Debug  -maxrregcount=0  --machine 64 --compile -cudart shared -Wno-deprecated-declarations -Xcompiler="/wd4013,/wd4018,/wd4028,/wd4047,/wd4068,/wd4090,/wd4101,/wd4113,/wd4133,/wd4190,/wd4244,/wd4267,/wd4305,/wd4477,/wd4996,/wd4819,/fp:fast,/DGPU,/DCUDNN,/DOPENCV /EHsc -Zi -Ob0" -g  -D_WINDOWS -DLIB_EXPORTS=1 -DUSE_CMAKE_LIBS -DCUDNN -DOPENCV -D_CRT_RAND_S -DNOMINMAX -D_USE_MATH_DEFINES -D_CRT_SECURE_NO_WARNINGS -DGPU -D_TIMESPEC_DEFINED -D"CMAKE_INTDIR=\"Debug\"" -Ddark_EXPORTS -D_WINDLL -D_MBCS -DWIN32 -D_WINDOWS -DLIB_EXPORTS=1 -DUSE_CMAKE_LIBS -DCUDNN -DOPENCV -D_CRT_RAND_S -DNOMINMAX -D_USE_MATH_DEFINES -D_CRT_SECURE_NO_WARNINGS -DGPU -D_TIMESPEC_DEFINED -D"CMAKE_INTDIR=\"Debug\"" -Ddark_EXPORTS -Xcompiler "/EHsc /W1 /nologo /Od /Fddark.dir\Debug\vc142.pdb /FS /Zi /RTC1 /MDd /GR" -o dark.dir\Debug\blas_kernels.obj "C:\Users\Seo\Desktop\Yolo\darknet-master\src\blas_kernels.cu" 
  
  C:\Users\Seo\Desktop\Yolo\darknet-master>"C:\Program Files\NVIDIA GPU Computing Toolkit\CUDA\v11.4\bin\nvcc.exe" -gencode=arch=compute_52,code=\"compute_52,compute_52\" -gencode=arch=compute_52,code=\"sm_52,compute_52\" --use-local-env -ccbin "C:\Program Files (x86)\Microsoft Visual Studio\2019\Community\VC\Tools\MSVC\14.29.30133\bin\HostX64\x64" -x cu -rdc=true  -I"C:\Users\Seo\Desktop\Yolo\darknet-master\include" -I"C:\Users\Seo\Desktop\Yolo\darknet-master\src" -I"C:\Users\Seo\Desktop\Yolo\darknet-master\3rdparty\stb\include" -IC:\opencv\build\include -I"C:\Program Files\NVIDIA GPU Computing Toolkit\CUDA\v11.4\include" -I"C:\Users\Seo\Desktop\Yolo\darknet-master\3rdparty\pthreads\include" -I"C:\Program Files\NVIDIA GPU Computing Toolkit\CUDA\v11.4\include"     --keep-dir x64\Debug  -maxrregcount=0  --machine 64 --compile -cudart shared -Wno-deprecated-declarations -Xcompiler="/wd4013,/wd4018,/wd4028,/wd4047,/wd4068,/wd4090,/wd4101,/wd4113,/wd4133,/wd4190,/wd4244,/wd4267,/wd4305,/wd4477,/wd4996,/wd4819,/fp:fast,/DGPU,/DCUDNN,/DOPENCV /EHsc -Zi -Ob0" -g  -D_WINDOWS -DLIB_EXPORTS=1 -DUSE_CMAKE_LIBS -DCUDNN -DOPENCV -D_CRT_RAND_S -DNOMINMAX -D_USE_MATH_DEFINES -D_CRT_SECURE_NO_WARNINGS -DGPU -D_TIMESPEC_DEFINED -D"CMAKE_INTDIR=\"Debug\"" -Ddark_EXPORTS -D_WINDLL -D_MBCS -DWIN32 -D_WINDOWS -DLIB_EXPORTS=1 -DUSE_CMAKE_LIBS -DCUDNN -DOPENCV -D_CRT_RAND_S -DNOMINMAX -D_USE_MATH_DEFINES -D_CRT_SECURE_NO_WARNINGS -DGPU -D_TIMESPEC_DEFINED -D"CMAKE_INTDIR=\"Debug\"" -Ddark_EXPORTS -Xcompiler "/EHsc /W1 /nologo /Od /Fddark.dir\Debug\vc142.pdb /FS /Zi /RTC1 /MDd /GR" -o dark.dir\Debug\col2im_kernels.obj "C:\Users\Seo\Desktop\Yolo\darknet-master\src\col2im_kernels.cu" 
  
  
  C:\Users\Seo\Desktop\Yolo\darknet-master>"C:\Program Files\NVIDIA GPU Computing Toolkit\CUDA\v11.4\bin\nvcc.exe" -gencode=arch=compute_52,code=\"compute_52,compute_52\" -gencode=arch=compute_52,code=\"sm_52,compute_52\" --use-local-env -ccbin "C:\Program Files (x86)\Microsoft Visual Studio\2019\Community\VC\Tools\MSVC\14.29.30133\bin\HostX64\x64" -x cu -rdc=true  -I"C:\Users\Seo\Desktop\Yolo\darknet-master\include" -I"C:\Users\Seo\Desktop\Yolo\darknet-master\src" -I"C:\Users\Seo\Desktop\Yolo\darknet-master\3rdparty\stb\include" -IC:\opencv\build\include -I"C:\Program Files\NVIDIA GPU Computing Toolkit\CUDA\v11.4\include" -I"C:\Users\Seo\Desktop\Yolo\darknet-master\3rdparty\pthreads\include" -I"C:\Program Files\NVIDIA GPU Computing Toolkit\CUDA\v11.4\include"     --keep-dir x64\Debug  -maxrregcount=0  --machine 64 --compile -cudart shared -Wno-deprecated-declarations -Xcompiler="/wd4013,/wd4018,/wd4028,/wd4047,/wd4068,/wd4090,/wd4101,/wd4113,/wd4133,/wd4190,/wd4244,/wd4267,/wd4305,/wd4477,/wd4996,/wd4819,/fp:fast,/DGPU,/DCUDNN,/DOPENCV /EHsc -Zi -Ob0" -g  -D_WINDOWS -DLIB_EXPORTS=1 -DUSE_CMAKE_LIBS -DCUDNN -DOPENCV -D_CRT_RAND_S -DNOMINMAX -D_USE_MATH_DEFINES -D_CRT_SECURE_NO_WARNINGS -DGPU -D_TIMESPEC_DEFINED -D"CMAKE_INTDIR=\"Debug\"" -Ddark_EXPORTS -D_WINDLL -D_MBCS -DWIN32 -D_WINDOWS -DLIB_EXPORTS=1 -DUSE_CMAKE_LIBS -DCUDNN -DOPENCV -D_CRT_RAND_S -DNOMINMAX -D_USE_MATH_DEFINES -D_CRT_SECURE_NO_WARNINGS -DGPU -D_TIMESPEC_DEFINED -D"CMAKE_INTDIR=\"Debug\"" -Ddark_EXPORTS -Xcompiler "/EHsc /W1 /nologo /Od /Fddark.dir\Debug\vc142.pdb /FS /Zi /RTC1 /MDd /GR" -o dark.dir\Debug\convolutional_kernels.obj "C:\Users\Seo\Desktop\Yolo\darknet-master\src\convolutional_kernels.cu" 
  C:\Users\Seo\Desktop\Yolo\darknet-master>"C:\Program Files\NVIDIA GPU Computing Toolkit\CUDA\v11.4\bin\nvcc.exe" -gencode=arch=compute_52,code=\"compute_52,compute_52\" -gencode=arch=compute_52,code=\"sm_52,compute_52\" --use-local-env -ccbin "C:\Program Files (x86)\Microsoft Visual Studio\2019\Community\VC\Tools\MSVC\14.29.30133\bin\HostX64\x64" -x cu -rdc=true  -I"C:\Users\Seo\Desktop\Yolo\darknet-master\include" -I"C:\Users\Seo\Desktop\Yolo\darknet-master\src" -I"C:\Users\Seo\Desktop\Yolo\darknet-master\3rdparty\stb\include" -IC:\opencv\build\include -I"C:\Program Files\NVIDIA GPU Computing Toolkit\CUDA\v11.4\include" -I"C:\Users\Seo\Desktop\Yolo\darknet-master\3rdparty\pthreads\include" -I"C:\Program Files\NVIDIA GPU Computing Toolkit\CUDA\v11.4\include"     --keep-dir x64\Debug  -maxrregcount=0  --machine 64 --compile -cudart shared -Wno-deprecated-declarations -Xcompiler="/wd4013,/wd4018,/wd4028,/wd4047,/wd4068,/wd4090,/wd4101,/wd4113,/wd4133,/wd4190,/wd4244,/wd4267,/wd4305,/wd4477,/wd4996,/wd4819,/fp:fast,/DGPU,/DCUDNN,/DOPENCV /EHsc -Zi -Ob0" -g  -D_WINDOWS -DLIB_EXPORTS=1 -DUSE_CMAKE_LIBS -DCUDNN -DOPENCV -D_CRT_RAND_S -DNOMINMAX -D_USE_MATH_DEFINES -D_CRT_SECURE_NO_WARNINGS -DGPU -D_TIMESPEC_DEFINED -D"CMAKE_INTDIR=\"Debug\"" -Ddark_EXPORTS -D_WINDLL -D_MBCS -DWIN32 -D_WINDOWS -DLIB_EXPORTS=1 -DUSE_CMAKE_LIBS -DCUDNN -DOPENCV -D_CRT_RAND_S -DNOMINMAX -D_USE_MATH_DEFINES -D_CRT_SECURE_NO_WARNINGS -DGPU -D_TIMESPEC_DEFINED -D"CMAKE_INTDIR=\"Debug\"" -Ddark_EXPORTS -Xcompiler "/EHsc /W1 /nologo /Od /Fddark.dir\Debug\vc142.pdb /FS /Zi /RTC1 /MDd /GR" -o dark.dir\Debug\maxpool_layer_kernels.obj "C:\Users\Seo\Desktop\Yolo\darknet-master\src\maxpool_layer_kernels.cu" 
  
  C:\Users\Seo\Desktop\Yolo\darknet-master>"C:\Program Files\NVIDIA GPU Computing Toolkit\CUDA\v11.4\bin\nvcc.exe" -gencode=arch=compute_52,code=\"compute_52,compute_52\" -gencode=arch=compute_52,code=\"sm_52,compute_52\" --use-local-env -ccbin "C:\Program Files (x86)\Microsoft Visual Studio\2019\Community\VC\Tools\MSVC\14.29.30133\bin\HostX64\x64" -x cu -rdc=true  -I"C:\Users\Seo\Desktop\Yolo\darknet-master\include" -I"C:\Users\Seo\Desktop\Yolo\darknet-master\src" -I"C:\Users\Seo\Desktop\Yolo\darknet-master\3rdparty\stb\include" -IC:\opencv\build\include -I"C:\Program Files\NVIDIA GPU Computing Toolkit\CUDA\v11.4\include" -I"C:\Users\Seo\Desktop\Yolo\darknet-master\3rdparty\pthreads\include" -I"C:\Program Files\NVIDIA GPU Computing Toolkit\CUDA\v11.4\include"     --keep-dir x64\Debug  -maxrregcount=0  --machine 64 --compile -cudart shared -Wno-deprecated-declarations -Xcompiler="/wd4013,/wd4018,/wd4028,/wd4047,/wd4068,/wd4090,/wd4101,/wd4113,/wd4133,/wd4190,/wd4244,/wd4267,/wd4305,/wd4477,/wd4996,/wd4819,/fp:fast,/DGPU,/DCUDNN,/DOPENCV /EHsc -Zi -Ob0" -g  -D_WINDOWS -DLIB_EXPORTS=1 -DUSE_CMAKE_LIBS -DCUDNN -DOPENCV -D_CRT_RAND_S -DNOMINMAX -D_USE_MATH_DEFINES -D_CRT_SECURE_NO_WARNINGS -DGPU -D_TIMESPEC_DEFINED -D"CMAKE_INTDIR=\"Debug\"" -Ddark_EXPORTS -D_WINDLL -D_MBCS -DWIN32 -D_WINDOWS -DLIB_EXPORTS=1 -DUSE_CMAKE_LIBS -DCUDNN -DOPENCV -D_CRT_RAND_S -DNOMINMAX -D_USE_MATH_DEFINES -D_CRT_SECURE_NO_WARNINGS -DGPU -D_TIMESPEC_DEFINED -D"CMAKE_INTDIR=\"Debug\"" -Ddark_EXPORTS -Xcompiler "/EHsc /W1 /nologo /Od /Fddark.dir\Debug\vc142.pdb /FS /Zi /RTC1 /MDd /GR" -o dark.dir\Debug\deconvolutional_kernels.obj "C:\Users\Seo\Desktop\Yolo\darknet-master\src\deconvolutional_kernels.cu" 
  
  C:\Users\Seo\Desktop\Yolo\darknet-master>"C:\Program Files\NVIDIA GPU Computing Toolkit\CUDA\v11.4\bin\nvcc.exe" -gencode=arch=compute_52,code=\"compute_52,compute_52\" -gencode=arch=compute_52,code=\"sm_52,compute_52\" --use-local-env -ccbin "C:\Program Files (x86)\Microsoft Visual Studio\2019\Community\VC\Tools\MSVC\14.29.30133\bin\HostX64\x64" -x cu -rdc=true  -I"C:\Users\Seo\Desktop\Yolo\darknet-master\include" -I"C:\Users\Seo\Desktop\Yolo\darknet-master\src" -I"C:\Users\Seo\Desktop\Yolo\darknet-master\3rdparty\stb\include" -IC:\opencv\build\include -I"C:\Program Files\NVIDIA GPU Computing Toolkit\CUDA\v11.4\include" -I"C:\Users\Seo\Desktop\Yolo\darknet-master\3rdparty\pthreads\include" -I"C:\Program Files\NVIDIA GPU Computing Toolkit\CUDA\v11.4\include"     --keep-dir x64\Debug  -maxrregcount=0  --machine 64 --compile -cudart shared -Wno-deprecated-declarations -Xcompiler="/wd4013,/wd4018,/wd4028,/wd4047,/wd4068,/wd4090,/wd4101,/wd4113,/wd4133,/wd4190,/wd4244,/wd4267,/wd4305,/wd4477,/wd4996,/wd4819,/fp:fast,/DGPU,/DCUDNN,/DOPENCV /EHsc -Zi -Ob0" -g  -D_WINDOWS -DLIB_EXPORTS=1 -DUSE_CMAKE_LIBS -DCUDNN -DOPENCV -D_CRT_RAND_S -DNOMINMAX -D_USE_MATH_DEFINES -D_CRT_SECURE_NO_WARNINGS -DGPU -D_TIMESPEC_DEFINED -D"CMAKE_INTDIR=\"Debug\"" -Ddark_EXPORTS -D_WINDLL -D_MBCS -DWIN32 -D_WINDOWS -DLIB_EXPORTS=1 -DUSE_CMAKE_LIBS -DCUDNN -DOPENCV -D_CRT_RAND_S -DNOMINMAX -D_USE_MATH_DEFINES -D_CRT_SECURE_NO_WARNINGS -DGPU -D_TIMESPEC_DEFINED -D"CMAKE_INTDIR=\"Debug\"" -Ddark_EXPORTS -Xcompiler "/EHsc /W1 /nologo /Od /Fddark.dir\Debug\vc142.pdb /FS /Zi /RTC1 /MDd /GR" -o dark.dir\Debug\dropout_layer_kernels.obj "C:\Users\Seo\Desktop\Yolo\darknet-master\src\dropout_layer_kernels.cu" 
  
  C:\Users\Seo\Desktop\Yolo\darknet-master>"C:\Program Files\NVIDIA GPU Computing Toolkit\CUDA\v11.4\bin\nvcc.exe" -gencode=arch=compute_52,code=\"compute_52,compute_52\" -gencode=arch=compute_52,code=\"sm_52,compute_52\" --use-local-env -ccbin "C:\Program Files (x86)\Microsoft Visual Studio\2019\Community\VC\Tools\MSVC\14.29.30133\bin\HostX64\x64" -x cu -rdc=true  -I"C:\Users\Seo\Desktop\Yolo\darknet-master\include" -I"C:\Users\Seo\Desktop\Yolo\darknet-master\src" -I"C:\Users\Seo\Desktop\Yolo\darknet-master\3rdparty\stb\include" -IC:\opencv\build\include -I"C:\Program Files\NVIDIA GPU Computing Toolkit\CUDA\v11.4\include" -I"C:\Users\Seo\Desktop\Yolo\darknet-master\3rdparty\pthreads\include" -I"C:\Program Files\NVIDIA GPU Computing Toolkit\CUDA\v11.4\include"     --keep-dir x64\Debug  -maxrregcount=0  --machine 64 --compile -cudart shared -Wno-deprecated-declarations -Xcompiler="/wd4013,/wd4018,/wd4028,/wd4047,/wd4068,/wd4090,/wd4101,/wd4113,/wd4133,/wd4190,/wd4244,/wd4267,/wd4305,/wd4477,/wd4996,/wd4819,/fp:fast,/DGPU,/DCUDNN,/DOPENCV /EHsc -Zi -Ob0" -g  -D_WINDOWS -DLIB_EXPORTS=1 -DUSE_CMAKE_LIBS -DCUDNN -DOPENCV -D_CRT_RAND_S -DNOMINMAX -D_USE_MATH_DEFINES -D_CRT_SECURE_NO_WARNINGS -DGPU -D_TIMESPEC_DEFINED -D"CMAKE_INTDIR=\"Debug\"" -Ddark_EXPORTS -D_WINDLL -D_MBCS -DWIN32 -D_WINDOWS -DLIB_EXPORTS=1 -DUSE_CMAKE_LIBS -DCUDNN -DOPENCV -D_CRT_RAND_S -DNOMINMAX -D_USE_MATH_DEFINES -D_CRT_SECURE_NO_WARNINGS -DGPU -D_TIMESPEC_DEFINED -D"CMAKE_INTDIR=\"Debug\"" -Ddark_EXPORTS -Xcompiler "/EHsc /W1 /nologo /Od /Fddark.dir\Debug\vc142.pdb /FS /Zi /RTC1 /MDd /GR" -o dark.dir\Debug\crop_layer_kernels.obj "C:\Users\Seo\Desktop\Yolo\darknet-master\src\crop_layer_kernels.cu" 
  
  C:\Users\Seo\Desktop\Yolo\darknet-master>"C:\Program Files\NVIDIA GPU Computing Toolkit\CUDA\v11.4\bin\nvcc.exe" -gencode=arch=compute_52,code=\"compute_52,compute_52\" -gencode=arch=compute_52,code=\"sm_52,compute_52\" --use-local-env -ccbin "C:\Program Files (x86)\Microsoft Visual Studio\2019\Community\VC\Tools\MSVC\14.29.30133\bin\HostX64\x64" -x cu -rdc=true  -I"C:\Users\Seo\Desktop\Yolo\darknet-master\include" -I"C:\Users\Seo\Desktop\Yolo\darknet-master\src" -I"C:\Users\Seo\Desktop\Yolo\darknet-master\3rdparty\stb\include" -IC:\opencv\build\include -I"C:\Program Files\NVIDIA GPU Computing Toolkit\CUDA\v11.4\include" -I"C:\Users\Seo\Desktop\Yolo\darknet-master\3rdparty\pthreads\include" -I"C:\Program Files\NVIDIA GPU Computing Toolkit\CUDA\v11.4\include"     --keep-dir x64\Debug  -maxrregcount=0  --machine 64 --compile -cudart shared -Wno-deprecated-declarations -Xcompiler="/wd4013,/wd4018,/wd4028,/wd4047,/wd4068,/wd4090,/wd4101,/wd4113,/wd4133,/wd4190,/wd4244,/wd4267,/wd4305,/wd4477,/wd4996,/wd4819,/fp:fast,/DGPU,/DCUDNN,/DOPENCV /EHsc -Zi -Ob0" -g  -D_WINDOWS -DLIB_EXPORTS=1 -DUSE_CMAKE_LIBS -DCUDNN -DOPENCV -D_CRT_RAND_S -DNOMINMAX -D_USE_MATH_DEFINES -D_CRT_SECURE_NO_WARNINGS -DGPU -D_TIMESPEC_DEFINED -D"CMAKE_INTDIR=\"Debug\"" -Ddark_EXPORTS -D_WINDLL -D_MBCS -DWIN32 -D_WINDOWS -DLIB_EXPORTS=1 -DUSE_CMAKE_LIBS -DCUDNN -DOPENCV -D_CRT_RAND_S -DNOMINMAX -D_USE_MATH_DEFINES -D_CRT_SECURE_NO_WARNINGS -DGPU -D_TIMESPEC_DEFINED -D"CMAKE_INTDIR=\"Debug\"" -Ddark_EXPORTS -Xcompiler "/EHsc /W1 /nologo /Od /Fddark.dir\Debug\vc142.pdb /FS /Zi /RTC1 /MDd /GR" -o dark.dir\Debug\network_kernels.obj "C:\Users\Seo\Desktop\Yolo\darknet-master\src\network_kernels.cu" 
  avgpool_layer_kernels.cu
c:\users\seo\desktop\yolo\darknet-master\src\im2col_kernels.cu(1354): warning : unrecognized #pragma in device code
  
c:\users\seo\desktop\yolo\darknet-master\src\im2col_kernels.cu(1361): warning : unrecognized #pragma in device code
  
c:\users\seo\desktop\yolo\darknet-master\src\im2col_kernels.cu(1364): warning : unrecognized #pragma in device code
  
c:\users\seo\desktop\yolo\darknet-master\src\im2col_kernels.cu(1389): warning : unrecognized #pragma in device code
  
c:\users\seo\desktop\yolo\darknet-master\src\blas_kernels.cu(1086): warning : variable "out_index" was declared but never referenced
  
c:\users\seo\desktop\yolo\darknet-master\src\blas_kernels.cu(1130): warning : variable "step" was set but never used
  
c:\users\seo\desktop\yolo\darknet-master\src\blas_kernels.cu(1736): warning : variable "stage_id" was declared but never referenced
  
  activation_kernels.cu
c:\users\seo\desktop\yolo\darknet-master\src\network_kernels.cu(379): warning : variable "l" was declared but never referenced
  
  deconvolutional_kernels.cu
  col2im_kernels.cu
  dropout_layer_kernels.cu
  maxpool_layer_kernels.cu
  crop_layer_kernels.cu
  network_kernels.cu
  convolutional_kernels.cu
  im2col_kernels.cu
  blas_kernels.cu
  Microsoft (R) C/C++ 최적화 컴파일러 버전 19.29.30136(x64)
  Copyright (c) Microsoft Corporation. All rights reserved.
  cl /c /I"C:\Users\Seo\Desktop\Yolo\darknet-master\include" /I"C:\Users\Seo\Desktop\Yolo\darknet-master\src" /I"C:\Users\Seo\Desktop\Yolo\darknet-master\3rdparty\stb\include" /IC:\opencv\build\include /I"C:\Program Files\NVIDIA GPU Computing Toolkit\CUDA\v11.4\include" /I"C:\Users\Seo\Desktop\Yolo\darknet-master\3rdparty\pthreads\include" /I"C:\Program Files\NVIDIA GPU Computing Toolkit\CUDA\v11.4\include" /Zi /W1 /WX- /diagnostics:column /Od /Ob0 /D _WINDLL /D _MBCS /D WIN32 /D _WINDOWS /D LIB_EXPORTS=1 /D USE_CMAKE_LIBS /D CUDNN /D OPENCV /D _CRT_RAND_S /D NOMINMAX /D _USE_MATH_DEFINES /D _CRT_SECURE_NO_WARNINGS /D GPU /D _TIMESPEC_DEFINED /D "CMAKE_INTDIR=\"Debug\"" /D dark_EXPORTS /Gm- /EHsc /RTC1 /MDd /GS /fp:fast /Zc:wchar_t /Zc:forScope /Zc:inline /GR /openmp /Fo"dark.dir\Debug\\" /Fd"dark.dir\Debug\vc142.pdb" /external:W1 /Gd /TP /wd4013 /wd4018 /wd4028 /wd4047 /wd4068 /wd4090 /wd4101 /wd4113 /wd4133 /wd4190 /wd4244 /wd4267 /wd4305 /wd4477 /wd4996 /wd4819 /errorReport:prompt "C:\Users\Seo\Desktop\Yolo\darknet-master\src\yolo_v2_class.cpp" "C:\Users\Seo\Desktop\Yolo\darknet-master\src\http_stream.cpp" "C:\Users\Seo\Desktop\Yolo\darknet-master\src\image_opencv.cpp"
  yolo_v2_class.cpp
  http_stream.cpp
  image_opencv.cpp
  코드를 생성하고 있습니다...
  Microsoft (R) C/C++ 최적화 컴파일러 버전 19.29.30136(x64)
  Copyright (c) Microsoft Corporation. All rights reserved.
  cl /c /I"C:\Users\Seo\Desktop\Yolo\darknet-master\include" /I"C:\Users\Seo\Desktop\Yolo\darknet-master\src" /I"C:\Users\Seo\Desktop\Yolo\darknet-master\3rdparty\stb\include" /IC:\opencv\build\include /I"C:\Program Files\NVIDIA GPU Computing Toolkit\CUDA\v11.4\include" /I"C:\Users\Seo\Desktop\Yolo\darknet-master\3rdparty\pthreads\include" /I"C:\Program Files\NVIDIA GPU Computing Toolkit\CUDA\v11.4\include" /Zi /W1 /WX- /diagnostics:column /Od /Ob0 /D _WINDLL /D _MBCS /D WIN32 /D _WINDOWS /D LIB_EXPORTS=1 /D USE_CMAKE_LIBS /D CUDNN /D OPENCV /D _CRT_RAND_S /D NOMINMAX /D _USE_MATH_DEFINES /D _CRT_SECURE_NO_WARNINGS /D GPU /D _TIMESPEC_DEFINED /D "CMAKE_INTDIR=\"Debug\"" /D dark_EXPORTS /Gm- /EHsc /RTC1 /MDd /GS /fp:fast /Zc:wchar_t /Zc:forScope /Zc:inline /GR /openmp /Fo"dark.dir\Debug\\" /Fd"dark.dir\Debug\vc142.pdb" /external:W1 /Gd /TC /wd4013 /wd4018 /wd4028 /wd4047 /wd4068 /wd4090 /wd4101 /wd4113 /wd4133 /wd4190 /wd4244 /wd4267 /wd4305 /wd4477 /wd4996 /wd4819 /errorReport:prompt "C:\Users\Seo\Desktop\Yolo\darknet-master\src\activation_layer.c" "C:\Users\Seo\Desktop\Yolo\darknet-master\src\activations.c" "C:\Users\Seo\Desktop\Yolo\darknet-master\src\art.c" "C:\Users\Seo\Desktop\Yolo\darknet-master\src\avgpool_layer.c" "C:\Users\Seo\Desktop\Yolo\darknet-master\src\batchnorm_layer.c" "C:\Users\Seo\Desktop\Yolo\darknet-master\src\blas.c" "C:\Users\Seo\Desktop\Yolo\darknet-master\src\box.c" "C:\Users\Seo\Desktop\Yolo\darknet-master\src\captcha.c" "C:\Users\Seo\Desktop\Yolo\darknet-master\src\cifar.c" "C:\Users\Seo\Desktop\Yolo\darknet-master\src\classifier.c" "C:\Users\Seo\Desktop\Yolo\darknet-master\src\coco.c" "C:\Users\Seo\Desktop\Yolo\darknet-master\src\col2im.c" "C:\Users\Seo\Desktop\Yolo\darknet-master\src\compare.c" "C:\Users\Seo\Desktop\Yolo\darknet-master\src\connected_layer.c" "C:\Users\Seo\Desktop\Yolo\darknet-master\src\conv_lstm_layer.c" "C:\Users\Seo\Desktop\Yolo\darknet-master\src\convolutional_layer.c" "C:\Users\Seo\Desktop\Yolo\darknet-master\src\cost_layer.c" "C:\Users\Seo\Desktop\Yolo\darknet-master\src\cpu_gemm.c" "C:\Users\Seo\Desktop\Yolo\darknet-master\src\crnn_layer.c" "C:\Users\Seo\Desktop\Yolo\darknet-master\src\crop_layer.c" "C:\Users\Seo\Desktop\Yolo\darknet-master\src\dark_cuda.c" "C:\Users\Seo\Desktop\Yolo\darknet-master\src\data.c" "C:\Users\Seo\Desktop\Yolo\darknet-master\src\deconvolutional_layer.c" "C:\Users\Seo\Desktop\Yolo\darknet-master\src\demo.c" "C:\Users\Seo\Desktop\Yolo\darknet-master\src\detection_layer.c" "C:\Users\Seo\Desktop\Yolo\darknet-master\src\detector.c" "C:\Users\Seo\Desktop\Yolo\darknet-master\src\dice.c" "C:\Users\Seo\Desktop\Yolo\darknet-master\src\dropout_layer.c" "C:\Users\Seo\Desktop\Yolo\darknet-master\src\gaussian_yolo_layer.c" "C:\Users\Seo\Desktop\Yolo\darknet-master\src\gemm.c" "C:\Users\Seo\Desktop\Yolo\darknet-master\src\getopt.c" "C:\Users\Seo\Desktop\Yolo\darknet-master\src\gettimeofday.c" "C:\Users\Seo\Desktop\Yolo\darknet-master\src\go.c" "C:\Users\Seo\Desktop\Yolo\darknet-master\src\gru_layer.c" "C:\Users\Seo\Desktop\Yolo\darknet-master\src\im2col.c" "C:\Users\Seo\Desktop\Yolo\darknet-master\src\image.c" "C:\Users\Seo\Desktop\Yolo\darknet-master\src\layer.c" "C:\Users\Seo\Desktop\Yolo\darknet-master\src\list.c" "C:\Users\Seo\Desktop\Yolo\darknet-master\src\local_layer.c" "C:\Users\Seo\Desktop\Yolo\darknet-master\src\lstm_layer.c" "C:\Users\Seo\Desktop\Yolo\darknet-master\src\matrix.c" "C:\Users\Seo\Desktop\Yolo\darknet-master\src\maxpool_layer.c" "C:\Users\Seo\Desktop\Yolo\darknet-master\src\network.c" "C:\Users\Seo\Desktop\Yolo\darknet-master\src\nightmare.c" "C:\Users\Seo\Desktop\Yolo\darknet-master\src\normalization_layer.c" "C:\Users\Seo\Desktop\Yolo\darknet-master\src\option_list.c" "C:\Users\Seo\Desktop\Yolo\darknet-master\src\parser.c" "C:\Users\Seo\Desktop\Yolo\darknet-master\src\region_layer.c" "C:\Users\Seo\Desktop\Yolo\darknet-master\src\reorg_layer.c" "C:\Users\Seo\Desktop\Yolo\darknet-master\src\reorg_old_layer.c" "C:\Users\Seo\Desktop\Yolo\darknet-master\src\representation_layer.c" "C:\Users\Seo\Desktop\Yolo\darknet-master\src\rnn.c" "C:\Users\Seo\Desktop\Yolo\darknet-master\src\rnn_layer.c" "C:\Users\Seo\Desktop\Yolo\darknet-master\src\rnn_vid.c" "C:\Users\Seo\Desktop\Yolo\darknet-master\src\route_layer.c" "C:\Users\Seo\Desktop\Yolo\darknet-master\src\sam_layer.c" "C:\Users\Seo\Desktop\Yolo\darknet-master\src\scale_channels_layer.c" "C:\Users\Seo\Desktop\Yolo\darknet-master\src\shortcut_layer.c" "C:\Users\Seo\Desktop\Yolo\darknet-master\src\softmax_layer.c" "C:\Users\Seo\Desktop\Yolo\darknet-master\src\super.c" "C:\Users\Seo\Desktop\Yolo\darknet-master\src\swag.c" "C:\Users\Seo\Desktop\Yolo\darknet-master\src\tag.c" "C:\Users\Seo\Desktop\Yolo\darknet-master\src\tree.c" "C:\Users\Seo\Desktop\Yolo\darknet-master\src\upsample_layer.c" "C:\Users\Seo\Desktop\Yolo\darknet-master\src\utils.c" "C:\Users\Seo\Desktop\Yolo\darknet-master\src\voxel.c" "C:\Users\Seo\Desktop\Yolo\darknet-master\src\writing.c" "C:\Users\Seo\Desktop\Yolo\darknet-master\src\yolo.c" "C:\Users\Seo\Desktop\Yolo\darknet-master\src\yolo_layer.c"
  activation_layer.c
  activations.c
  art.c
  avgpool_layer.c
  batchnorm_layer.c
  blas.c
  box.c
  captcha.c
  cifar.c
  classifier.c
  coco.c
  col2im.c
  compare.c
  connected_layer.c
  conv_lstm_layer.c
  convolutional_layer.c
  cost_layer.c
  cpu_gemm.c
  crnn_layer.c
  crop_layer.c
  코드를 생성하고 있습니다...
  컴파일하고 있습니다...
  dark_cuda.c
  data.c
  deconvolutional_layer.c
  demo.c
  detection_layer.c
  detector.c
  dice.c
  dropout_layer.c
  gaussian_yolo_layer.c
  gemm.c
  getopt.c
  gettimeofday.c
  go.c
  gru_layer.c
  im2col.c
  image.c
  layer.c
  list.c
  local_layer.c
  lstm_layer.c
  코드를 생성하고 있습니다...
  컴파일하고 있습니다...
  matrix.c
  maxpool_layer.c
  network.c
  nightmare.c
  normalization_layer.c
  option_list.c
  parser.c
  region_layer.c
  reorg_layer.c
  reorg_old_layer.c
  representation_layer.c
  rnn.c
  rnn_layer.c
  rnn_vid.c
  route_layer.c
  sam_layer.c
  scale_channels_layer.c
  shortcut_layer.c
  softmax_layer.c
  super.c
  코드를 생성하고 있습니다...
  컴파일하고 있습니다...
  swag.c
  tag.c
  tree.c
  upsample_layer.c
  utils.c
  voxel.c
  writing.c
  yolo.c
  yolo_layer.c
  코드를 생성하고 있습니다...
  
  C:\Users\Seo\Desktop\Yolo\darknet-master>"C:\Program Files\NVIDIA GPU Computing Toolkit\CUDA\v11.4\bin\nvcc.exe" -dlink -o dark.dir\Debug\darknetd.device-link.obj -Xcompiler "/EHsc /W1 /nologo /Od /Fddark.dir\Debug\vc142.pdb /Zi /RTC1 /MDd /GR" -L"C:\Program Files\NVIDIA GPU Computing Toolkit\CUDA\v11.4\bin/crt" -L"C:\Program Files\NVIDIA GPU Computing Toolkit\CUDA\v11.4\lib\x64" "C:\Program Files\NVIDIA GPU Computing Toolkit\CUDA\v11.4\lib\x64\cudnn.lib" C:\opencv\build\x64\vc14\lib\opencv_world454d.lib 3rdparty\pthreads\lib\pthreadVC2.lib wsock32.lib ws2_32.lib curand.lib cublas.lib cuda.lib cudadevrt.lib cudart.lib kernel32.lib user32.lib gdi32.lib winspool.lib shell32.lib ole32.lib oleaut32.lib uuid.lib comdlg32.lib advapi32.lib -forward-unknown-to-host-compiler -Wno-deprecated-gpu-targets  -gencode=arch=compute_52,code=compute_52 -gencode=arch=compute_52,code=sm_52  --machine 64 dark.dir\Debug\activation_kernels.obj dark.dir\Debug\avgpool_layer_kernels.obj dark.dir\Debug\blas_kernels.obj dark.dir\Debug\col2im_kernels.obj dark.dir\Debug\convolutional_kernels.obj dark.dir\Debug\crop_layer_kernels.obj dark.dir\Debug\deconvolutional_kernels.obj dark.dir\Debug\dropout_layer_kernels.obj dark.dir\Debug\im2col_kernels.obj dark.dir\Debug\maxpool_layer_kernels.obj dark.dir\Debug\network_kernels.obj 
  cudnn.lib
  opencv_world454d.lib
  pthreadvc2.lib
  wsock32.lib
  ws2_32.lib
  curand.lib
  cublas.lib
  cuda.lib
  cudadevrt.lib
  cudart.lib
  kernel32.lib
  user32.lib
  gdi32.lib
  winspool.lib
  shell32.lib
  ole32.lib
  oleaut32.lib
  uuid.lib
  comdlg32.lib
  advapi32.lib
  activation_kernels.obj
  avgpool_layer_kernels.obj
  blas_kernels.obj
  col2im_kernels.obj
  convolutional_kernels.obj
  crop_layer_kernels.obj
  deconvolutional_kernels.obj
  dropout_layer_kernels.obj
  im2col_kernels.obj
  maxpool_layer_kernels.obj
  network_kernels.obj
     C:/Users/Seo/Desktop/Yolo/darknet-master/Debug/darknetd.lib 라이브러리 및 C:/Users/Seo/Desktop/Yolo/darknet-master/Debug/darknetd.exp 개체를 생성하고 있습니다.
  dark.vcxproj -> C:\Users\Seo\Desktop\Yolo\darknet-master\Debug\darknetd.dll
