The system is: Windows - 10.0.19041 - AMD64
Compiling the CUDA compiler identification source file "CMakeCUDACompilerId.cu" succeeded.
Compiler:  
Build flags: 
Id flags: --keep;--keep-dir;tmp -v

The output was:
0
.NET Framework용 Microsoft (R) Build Engine 버전 16.11.1+3e40a09f8
Copyright (C) Microsoft Corporation. All rights reserved.

빌드 시작: 2021-12-08 오후 6:33:13
1 노드의 "C:\Users\Seo\Desktop\Yolo\darknet-master\CMakeFiles\CheckCUDA\CMakeFiles\3.21.4\CompilerIdCUDA\CompilerIdCUDA.vcxproj" 프로젝트(기본 대상)입니다.
PrepareForBuild:
  "Debug\" 디렉터리를 만들고 있습니다.
  "Debug\CompilerIdCUDA.tlog\" 디렉터리를 만들고 있습니다.
InitializeBuildStatus:
  "AlwaysCreate"이(가) 지정되었기 때문에 "Debug\CompilerIdCUDA.tlog\unsuccessfulbuild"을(를) 만들고 있습니다.
AddCudaCompileDeps:
  C:\Program Files (x86)\Microsoft Visual Studio\2019\Community\VC\Tools\MSVC\14.29.30133\bin\HostX64\x64\cl.exe /E /nologo /showIncludes /TP /D__CUDACC__ /D_MBCS /I"C:\Program Files\NVIDIA GPU Computing Toolkit\CUDA\v11.4\include" /I"C:\Program Files\NVIDIA GPU Computing Toolkit\CUDA\v11.4\bin" /I"C:\Program Files\NVIDIA GPU Computing Toolkit\CUDA\v11.4\include" /I. /FIcuda_runtime.h /c C:\Users\Seo\Desktop\Yolo\darknet-master\CMakeFiles\CheckCUDA\CMakeFiles\3.21.4\CompilerIdCUDA\CMakeCUDACompilerId.cu 
"C:\Users\Seo\Desktop\Yolo\darknet-master\CMakeFiles\CheckCUDA\CMakeFiles\3.21.4\CompilerIdCUDA\CompilerIdCUDA.vcxproj"(1) 프로젝트가 1 노드에서 "C:\Users\Seo\Desktop\Yolo\darknet-master\CMakeFiles\CheckCUDA\CMakeFiles\3.21.4\CompilerIdCUDA\CompilerIdCUDA.vcxproj"(1:2)을(를) 빌드하고 있습니다(CudaBuildCore 대상).
CudaBuildCore:
  Compiling CUDA source file CMakeCUDACompilerId.cu...
  cmd.exe /C "C:\Users\Seo\AppData\Local\Temp\tmp4a6ae5da696841c9987e2d57d8a0bc5f.cmd"
  "C:\Program Files\NVIDIA GPU Computing Toolkit\CUDA\v11.4\bin\nvcc.exe"  --use-local-env -ccbin "C:\Program Files (x86)\Microsoft Visual Studio\2019\Community\VC\Tools\MSVC\14.29.30133\bin\HostX64\x64" -x cu   -I"C:\Program Files\NVIDIA GPU Computing Toolkit\CUDA\v11.4\include" -I"C:\Program Files\NVIDIA GPU Computing Toolkit\CUDA\v11.4\include"  -G   --keep-dir x64\Debug  -maxrregcount=0  --machine 64 --compile -cudart static -v -g  -D_MBCS -Xcompiler "/EHsc /W0 /nologo /Od /FdDebug\vc142.pdb /FS /Zi /RTC1 /MDd " -o Debug\CMakeCUDACompilerId.cu.obj "C:\Users\Seo\Desktop\Yolo\darknet-master\CMakeFiles\CheckCUDA\CMakeFiles\3.21.4\CompilerIdCUDA\CMakeCUDACompilerId.cu"
  
  C:\Users\Seo\Desktop\Yolo\darknet-master\CMakeFiles\CheckCUDA\CMakeFiles\3.21.4\CompilerIdCUDA>"C:\Program Files\NVIDIA GPU Computing Toolkit\CUDA\v11.4\bin\nvcc.exe"  --use-local-env -ccbin "C:\Program Files (x86)\Microsoft Visual Studio\2019\Community\VC\Tools\MSVC\14.29.30133\bin\HostX64\x64" -x cu   -I"C:\Program Files\NVIDIA GPU Computing Toolkit\CUDA\v11.4\include" -I"C:\Program Files\NVIDIA GPU Computing Toolkit\CUDA\v11.4\include"  -G   --keep-dir x64\Debug  -maxrregcount=0  --machine 64 --compile -cudart static -v -g  -D_MBCS -Xcompiler "/EHsc /W0 /nologo /Od /FdDebug\vc142.pdb /FS /Zi /RTC1 /MDd " -o Debug\CMakeCUDACompilerId.cu.obj "C:\Users\Seo\Desktop\Yolo\darknet-master\CMakeFiles\CheckCUDA\CMakeFiles\3.21.4\CompilerIdCUDA\CMakeCUDACompilerId.cu" 
  #$ _NVVM_BRANCH_=nvvm
  #$ _SPACE_= 
  #$ _CUDART_=cudart
  #$ _HERE_=C:\Program Files\NVIDIA GPU Computing Toolkit\CUDA\v11.4\bin
  #$ _THERE_=C:\Program Files\NVIDIA GPU Computing Toolkit\CUDA\v11.4\bin
  #$ _TARGET_SIZE_=
  #$ _TARGET_DIR_=
  #$ _TARGET_SIZE_=64
  #$ _WIN_PLATFORM_=x64
  #$ TOP=C:\Program Files\NVIDIA GPU Computing Toolkit\CUDA\v11.4\bin/..
  #$ NVVMIR_LIBRARY_DIR=C:\Program Files\NVIDIA GPU Computing Toolkit\CUDA\v11.4\bin/../nvvm/libdevice
  #$ PATH=C:\Program Files\NVIDIA GPU Computing Toolkit\CUDA\v11.4\bin/../nvvm/bin;C:\Program Files\NVIDIA GPU Computing Toolkit\CUDA\v11.4\bin;C:\Program Files\NVIDIA GPU Computing Toolkit\CUDA\v11.4\bin/../lib;C:\Program Files (x86)\Microsoft Visual Studio\2019\Community\VC\Tools\MSVC\14.29.30133\bin\HostX64\x64;C:\Program Files (x86)\Windows Kits\10\bin\10.0.19041.0\x64;;C:\Program Files (x86)\Windows Kits\10\bin\10.0.19041.0\x86;;C:\Program Files (x86)\Microsoft Visual Studio\2019\Community\Common7\tools;C:\Program Files (x86)\Microsoft Visual Studio\2019\Community\Common7\ide;C:\Program Files (x86)\HTML Help Workshop;;C:\Program Files (x86)\Microsoft Visual Studio\2019\Community\MSBuild\Current\Bin;C:\WINDOWS\Microsoft.NET\Framework64\v4.0.30319\;C:\WINDOWS\Microsoft.NET\Framework\v4.0.30319\;C:\Program Files (x86)\Microsoft Visual Studio\2019\Community\MSBuild\Current\Bin;C:\WINDOWS\Microsoft.NET\Framework\v4.0.30319\;;C:\Program Files\NVIDIA GPU Computing Toolkit\CUDA\v11.4\bin;C:\Program Files\NVIDIA GPU Computing Toolkit\CUDA\v11.4\libnvvp;C:\Program Files (x86)\NAT Service;C:\WINDOWS\system32;C:\WINDOWS;C:\WINDOWS\System32\Wbem;C:\WINDOWS\System32\WindowsPowerShell\v1.0\;C:\WINDOWS\System32\OpenSSH\;C:\Program Files (x86)\NVIDIA Corporation\PhysX\Common;C:\Program Files\NVIDIA Corporation\NVIDIA NvDLISR;C:\Program Files\NVIDIA GPU Computing Toolkit\CUDA\v11.4\lib;C:\Program Files\NVIDIA GPU Computing Toolkit\CUDA\v11.4\include;C:\Program Files\MATLAB\R2021b\bin;C:\Program Files\Git\cmd;C:\Program Files\MySQL\MySQL Server 8.0\bin;C:\Program Files\NVIDIA Corporation\Nsight Compute 2021.2.0\;C:\cuda\bin;C:\cuda\lib;C:\cuda\include;C:\Program Files\CMake\bin;C:\opencv\build\include;C:\opencv\build\x64\vc14\bin;C:\opencv\build\x64\vc14\lib;C:\opencv\build\x64\vc15\bin;C:\opencv\build\x64\vc15\lib;C:\opencv\build\bin;C:\Program Files\MySQL\MySQL Shell 8.0\bin\;C:\Users\Seo\AppData\Local\Microsoft\WindowsApps;;C:\Users\Seo\AppData\Local\Programs\Microsoft VS Code\bin;
  #$ INCLUDES="-IC:\Program Files\NVIDIA GPU Computing Toolkit\CUDA\v11.4\bin/../include"  
  #$ LIBRARIES=  "/LIBPATH:C:\Program Files\NVIDIA GPU Computing Toolkit\CUDA\v11.4\bin/../lib/x64"
  #$ CUDAFE_FLAGS=--sdk_dir "C:\Program Files (x86)\Windows Kits\10"
  #$ PTXAS_FLAGS=
  cmakecudacompilerid.cu
  #$ cl.exe @"C:\Users\Seo\AppData\Local\Temp/tmpxft_0000593c_00000000-9.res" > "C:/Users/Seo/AppData/Local/Temp/tmpxft_0000593c_00000000-8_cmakecudacompilerid.cpp1.ii" 
  cmakecudacompilerid.cu
  #$ erase C:\Users\Seo\AppData\Local\Temp/tmpxft_0000593c_00000000-9.res
  #$ cicc --microsoft_version=1929 --msvc_target_version=1929 --compiler_bindir "C:/Program Files (x86)/Microsoft Visual Studio/2019/Community/VC/Tools/MSVC/14.29.30133/bin/HostX64/x64/../../../../../../.." --orig_src_file_name "c:/users/seo/desktop/yolo/darknet-master/cmakefiles/checkcuda/cmakefiles/3.21.4/compileridcuda/cmakecudacompilerid.cu" --allow_managed --debug_mode --sdk_dir "C:\Program Files (x86)\Windows Kits\10"  -arch compute_52 -m64 --no-version-ident -ftz=0 -prec_div=1 -prec_sqrt=1 -fmad=1 --include_file_name "tmpxft_0000593c_00000000-4_cmakecudacompilerid.fatbin.c" -g -O0 -tused --gen_module_id_file --module_id_file_name "C:/Users/Seo/AppData/Local/Temp/tmpxft_0000593c_00000000-5_cmakecudacompilerid.module_id" --gen_c_file_name "C:/Users/Seo/AppData/Local/Temp/tmpxft_0000593c_00000000-7_cmakecudacompilerid.cudafe1.c" --stub_file_name "C:/Users/Seo/AppData/Local/Temp/tmpxft_0000593c_00000000-7_cmakecudacompilerid.cudafe1.stub.c" --gen_device_file_name "C:/Users/Seo/AppData/Local/Temp/tmpxft_0000593c_00000000-7_cmakecudacompilerid.cudafe1.gpu"  "C:/Users/Seo/AppData/Local/Temp/tmpxft_0000593c_00000000-8_cmakecudacompilerid.cpp1.ii" -o "C:/Users/Seo/AppData/Local/Temp/tmpxft_0000593c_00000000-7_cmakecudacompilerid.ptx"
  #$ ptxas -arch=sm_52 -m64 -g --dont-merge-basicblocks --return-at-end "C:/Users/Seo/AppData/Local/Temp/tmpxft_0000593c_00000000-7_cmakecudacompilerid.ptx"  -o "C:/Users/Seo/AppData/Local/Temp/tmpxft_0000593c_00000000-10_cmakecudacompilerid.sm_52.cubin" 
  #$ fatbinary -64 --ident="c:/users/seo/desktop/yolo/darknet-master/cmakefiles/checkcuda/cmakefiles/3.21.4/compileridcuda/cmakecudacompilerid.cu" --cmdline="-g --dont-merge-basicblocks --return-at-end " --cicc-cmdline="-ftz=0 -prec_div=1 -prec_sqrt=1 -fmad=1 " -g "--image3=kind=elf,sm=52,file=C:/Users/Seo/AppData/Local/Temp/tmpxft_0000593c_00000000-10_cmakecudacompilerid.sm_52.cubin" "--image3=kind=ptx,sm=52,file=C:/Users/Seo/AppData/Local/Temp/tmpxft_0000593c_00000000-7_cmakecudacompilerid.ptx" --embedded-fatbin="C:/Users/Seo/AppData/Local/Temp/tmpxft_0000593c_00000000-4_cmakecudacompilerid.fatbin.c" 
  #$ erase C:/Users/Seo/AppData/Local/Temp/tmpxft_0000593c_00000000-4_cmakecudacompilerid.fatbin
  #$ cl.exe @"C:\Users\Seo\AppData\Local\Temp/tmpxft_0000593c_00000000-11.res" > "C:/Users/Seo/AppData/Local/Temp/tmpxft_0000593c_00000000-6_cmakecudacompilerid.cpp4.ii" 
  cmakecudacompilerid.cu
  #$ erase C:\Users\Seo\AppData\Local\Temp/tmpxft_0000593c_00000000-11.res
  #$ cudafe++ --microsoft_version=1929 --msvc_target_version=1929 --compiler_bindir "C:/Program Files (x86)/Microsoft Visual Studio/2019/Community/VC/Tools/MSVC/14.29.30133/bin/HostX64/x64/../../../../../../.." --orig_src_file_name "c:/users/seo/desktop/yolo/darknet-master/cmakefiles/checkcuda/cmakefiles/3.21.4/compileridcuda/cmakecudacompilerid.cu" --allow_managed --debug_mode --sdk_dir "C:\Program Files (x86)\Windows Kits\10" --m64 --parse_templates --gen_c_file_name "C:/Users/Seo/AppData/Local/Temp/tmpxft_0000593c_00000000-7_cmakecudacompilerid.cudafe1.cpp" --stub_file_name "tmpxft_0000593c_00000000-7_cmakecudacompilerid.cudafe1.stub.c" --module_id_file_name "C:/Users/Seo/AppData/Local/Temp/tmpxft_0000593c_00000000-5_cmakecudacompilerid.module_id" "C:/Users/Seo/AppData/Local/Temp/tmpxft_0000593c_00000000-6_cmakecudacompilerid.cpp4.ii" 
  #$ cl.exe @"C:\Users\Seo\AppData\Local\Temp/tmpxft_0000593c_00000000-12.res" -Fo"Debug/CMakeCUDACompilerId.cu.obj" 
  tmpxft_0000593c_00000000-7_cmakecudacompilerid.cudafe1.cpp
  #$ erase C:\Users\Seo\AppData\Local\Temp/tmpxft_0000593c_00000000-12.res
"C:\Users\Seo\Desktop\Yolo\darknet-master\CMakeFiles\CheckCUDA\CMakeFiles\3.21.4\CompilerIdCUDA\CompilerIdCUDA.vcxproj" 프로젝트를 빌드했습니다(CudaBuildCore 대상).
Link:
  C:\Program Files (x86)\Microsoft Visual Studio\2019\Community\VC\Tools\MSVC\14.29.30133\bin\HostX64\x64\link.exe /ERRORREPORT:QUEUE /OUT:".\CompilerIdCUDA.exe" /INCREMENTAL:NO /NOLOGO /LIBPATH:"C:\Program Files\NVIDIA GPU Computing Toolkit\CUDA\v11.4\lib\x64" cudart_static.lib /MANIFEST /MANIFESTUAC:"level='asInvoker' uiAccess='false'" /manifest:embed /PDB:".\CompilerIdCUDA.pdb" /SUBSYSTEM:CONSOLE /TLBID:1 /DYNAMICBASE /NXCOMPAT /IMPLIB:".\CompilerIdCUDA.lib" /MACHINE:X64 Debug\CMakeCUDACompilerId.cu.obj
     .\CompilerIdCUDA.lib 라이브러리 및 .\CompilerIdCUDA.exp 개체를 생성하고 있습니다.
  CompilerIdCUDA.vcxproj -> C:\Users\Seo\Desktop\Yolo\darknet-master\CMakeFiles\CheckCUDA\CMakeFiles\3.21.4\CompilerIdCUDA\CompilerIdCUDA.exe
PostBuildEvent:
  echo CMAKE_CUDA_COMPILER=C:\Program Files\NVIDIA GPU Computing Toolkit\CUDA\v11.4\bin\nvcc.exe
  :VCEnd
  CMAKE_CUDA_COMPILER=C:\Program Files\NVIDIA GPU Computing Toolkit\CUDA\v11.4\bin\nvcc.exe
FinalizeBuildStatus:
  "Debug\CompilerIdCUDA.tlog\unsuccessfulbuild" 파일을 삭제하고 있습니다.
  "Debug\CompilerIdCUDA.tlog\CompilerIdCUDA.lastbuildstate"에 연결(touching)하고 있습니다.
"C:\Users\Seo\Desktop\Yolo\darknet-master\CMakeFiles\CheckCUDA\CMakeFiles\3.21.4\CompilerIdCUDA\CompilerIdCUDA.vcxproj" 프로젝트를 빌드했습니다(기본 대상).

빌드했습니다.
    경고 0개
    오류 0개

경과 시간: 00:00:02.48


Compilation of the CUDA compiler identification source "CMakeCUDACompilerId.cu" produced "CompilerIdCUDA.exe"

Compilation of the CUDA compiler identification source "CMakeCUDACompilerId.cu" produced "CompilerIdCUDA.exp"

Compilation of the CUDA compiler identification source "CMakeCUDACompilerId.cu" produced "CompilerIdCUDA.lib"

Compilation of the CUDA compiler identification source "CMakeCUDACompilerId.cu" produced "CompilerIdCUDA.vcxproj"

The CUDA compiler identification is NVIDIA, found in "C:/Users/Seo/Desktop/Yolo/darknet-master/CMakeFiles/CheckCUDA/CMakeFiles/3.21.4/CompilerIdCUDA/CompilerIdCUDA.exe"

Parsed CUDA nvcc include information from above output:
  found 'INCLUDES=' string: ["-IC:\Program Files\NVIDIA GPU Computing Toolkit\CUDA\v11.4\bin/../include"  ]



Detecting CUDA compiler ABI info compiled with the following output:
Change Dir: C:/Users/Seo/Desktop/Yolo/darknet-master/CMakeFiles/CheckCUDA/CMakeFiles/CMakeTmp

Run Build Command(s):C:/Program Files (x86)/Microsoft Visual Studio/2019/Community/MSBuild/Current/Bin/MSBuild.exe cmTC_2ea3f.vcxproj /p:Configuration=Debug /p:Platform=x64 /p:VisualStudioVersion=16.0 /v:m && .NET Framework용 Microsoft (R) Build Engine 버전 16.11.1+3e40a09f8
Copyright (C) Microsoft Corporation. All rights reserved.

  Compiling CUDA source file ..\..\..\..\..\..\..\..\..\Program Files\CMake\share\cmake-3.21\Modules\CMakeCUDACompilerABI.cu...
  
  C:\Users\Seo\Desktop\Yolo\darknet-master\CMakeFiles\CheckCUDA\CMakeFiles\CMakeTmp>"C:\Program Files\NVIDIA GPU Computing Toolkit\CUDA\v11.4\bin\nvcc.exe" -gencode=arch=compute_52,code=\"compute_52,compute_52\" -gencode=arch=compute_52,code=\"sm_52,compute_52\" --use-local-env -ccbin "C:\Program Files (x86)\Microsoft Visual Studio\2019\Community\VC\Tools\MSVC\14.29.30133\bin\HostX64\x64" -x cu    -I"C:\Program Files\NVIDIA GPU Computing Toolkit\CUDA\v11.4\include"     --keep-dir x64\Debug  -maxrregcount=0  --machine 64 --compile -cudart static -Xcompiler="/EHsc -Zi -Ob0 -v" -g  -D_WINDOWS -D"CMAKE_INTDIR=\"Debug\"" -D_MBCS -D"CMAKE_INTDIR=\"Debug\"" -Xcompiler "/EHsc /W1 /nologo /Od /FdcmTC_2ea3f.dir\Debug\vc142.pdb /FS /Zi /RTC1 /MDd " -o cmTC_2ea3f.dir\Debug\CMakeCUDACompilerABI.obj "C:\Program Files\CMake\share\cmake-3.21\Modules\CMakeCUDACompilerABI.cu" 
cl : 명령줄 warning D9002: 알 수 없는 '-v' 옵션을 무시합니다. [C:\Users\Seo\Desktop\Yolo\darknet-master\CMakeFiles\CheckCUDA\CMakeFiles\CMakeTmp\cmTC_2ea3f.vcxproj]
cl : 명령줄 warning D9002: 알 수 없는 '-v' 옵션을 무시합니다. [C:\Users\Seo\Desktop\Yolo\darknet-master\CMakeFiles\CheckCUDA\CMakeFiles\CMakeTmp\cmTC_2ea3f.vcxproj]
  cmakecudacompilerabi.cu
cl : 명령줄 warning D9002: 알 수 없는 '-v' 옵션을 무시합니다. [C:\Users\Seo\Desktop\Yolo\darknet-master\CMakeFiles\CheckCUDA\CMakeFiles\CMakeTmp\cmTC_2ea3f.vcxproj]
LINK : warning LNK4044: '/v' 옵션을 인식할 수 없습니다. 무시됩니다. [C:\Users\Seo\Desktop\Yolo\darknet-master\CMakeFiles\CheckCUDA\CMakeFiles\CMakeTmp\cmTC_2ea3f.vcxproj]
     C:/Users/Seo/Desktop/Yolo/darknet-master/CMakeFiles/CheckCUDA/CMakeFiles/CMakeTmp/Debug/cmTC_2ea3f.lib 라이브러리 및 C:/Users/Seo/Desktop/Yolo/darknet-master/CMakeFiles/CheckCUDA/CMakeFiles/CMakeTmp/Debug/cmTC_2ea3f.exp 개체를 생성하고 있습니다.
  cmTC_2ea3f.vcxproj -> C:\Users\Seo\Desktop\Yolo\darknet-master\CMakeFiles\CheckCUDA\CMakeFiles\CMakeTmp\Debug\cmTC_2ea3f.exe



Parsed CUDA implicit include dir info from above output: rv=start
  warn: unable to parse implicit include dirs!


Parsed CUDA implicit link information from above output:
  link line regex: [^( *|.*[/\])(CMAKE_LINKER-NOTFOUND|CMAKE_LINK_STARTFILE-NOTFOUND|([^/\]+-)?ld|collect2)[^/\]*( |$)]
  ignore line: [Change Dir: C:/Users/Seo/Desktop/Yolo/darknet-master/CMakeFiles/CheckCUDA/CMakeFiles/CMakeTmp]
  ignore line: []
  ignore line: [Run Build Command(s):C:/Program Files (x86)/Microsoft Visual Studio/2019/Community/MSBuild/Current/Bin/MSBuild.exe cmTC_2ea3f.vcxproj /p:Configuration=Debug /p:Platform=x64 /p:VisualStudioVersion=16.0 /v:m && .NET Framework용 Microsoft (R) Build Engine 버전 16.11.1+3e40a09f8]
  ignore line: [Copyright (C) Microsoft Corporation. All rights reserved.]
  ignore line: []
  ignore line: [  Compiling CUDA source file ..\..\..\..\..\..\..\..\..\Program Files\CMake\share\cmake-3.21\Modules\CMakeCUDACompilerABI.cu...]
  ignore line: [  ]
  ignore line: [  C:\Users\Seo\Desktop\Yolo\darknet-master\CMakeFiles\CheckCUDA\CMakeFiles\CMakeTmp>"C:\Program Files\NVIDIA GPU Computing Toolkit\CUDA\v11.4\bin\nvcc.exe" -gencode=arch=compute_52 code=\"compute_52 compute_52\" -gencode=arch=compute_52 code=\"sm_52 compute_52\" --use-local-env -ccbin "C:\Program Files (x86)\Microsoft Visual Studio\2019\Community\VC\Tools\MSVC\14.29.30133\bin\HostX64\x64" -x cu    -I"C:\Program Files\NVIDIA GPU Computing Toolkit\CUDA\v11.4\include"     --keep-dir x64\Debug  -maxrregcount=0  --machine 64 --compile -cudart static -Xcompiler="/EHsc -Zi -Ob0 -v" -g  -D_WINDOWS -D"CMAKE_INTDIR=\"Debug\"" -D_MBCS -D"CMAKE_INTDIR=\"Debug\"" -Xcompiler "/EHsc /W1 /nologo /Od /FdcmTC_2ea3f.dir\Debug\vc142.pdb /FS /Zi /RTC1 /MDd " -o cmTC_2ea3f.dir\Debug\CMakeCUDACompilerABI.obj "C:\Program Files\CMake\share\cmake-3.21\Modules\CMakeCUDACompilerABI.cu" ]
  ignore line: [cl : 명령줄 warning D9002: 알 수 없는 '-v' 옵션을 무시합니다. [C:\Users\Seo\Desktop\Yolo\darknet-master\CMakeFiles\CheckCUDA\CMakeFiles\CMakeTmp\cmTC_2ea3f.vcxproj]]
  ignore line: [cl : 명령줄 warning D9002: 알 수 없는 '-v' 옵션을 무시합니다. [C:\Users\Seo\Desktop\Yolo\darknet-master\CMakeFiles\CheckCUDA\CMakeFiles\CMakeTmp\cmTC_2ea3f.vcxproj]]
  ignore line: [  cmakecudacompilerabi.cu]
  ignore line: [cl : 명령줄 warning D9002: 알 수 없는 '-v' 옵션을 무시합니다. [C:\Users\Seo\Desktop\Yolo\darknet-master\CMakeFiles\CheckCUDA\CMakeFiles\CMakeTmp\cmTC_2ea3f.vcxproj]]
  ignore line: [LINK : warning LNK4044: '/v' 옵션을 인식할 수 없습니다. 무시됩니다. [C:\Users\Seo\Desktop\Yolo\darknet-master\CMakeFiles\CheckCUDA\CMakeFiles\CMakeTmp\cmTC_2ea3f.vcxproj]]
  ignore line: [     C:/Users/Seo/Desktop/Yolo/darknet-master/CMakeFiles/CheckCUDA/CMakeFiles/CMakeTmp/Debug/cmTC_2ea3f.lib 라이브러리 및 C:/Users/Seo/Desktop/Yolo/darknet-master/CMakeFiles/CheckCUDA/CMakeFiles/CMakeTmp/Debug/cmTC_2ea3f.exp 개체를 생성하고 있습니다.]
  ignore line: [  cmTC_2ea3f.vcxproj -> C:\Users\Seo\Desktop\Yolo\darknet-master\CMakeFiles\CheckCUDA\CMakeFiles\CMakeTmp\Debug\cmTC_2ea3f.exe]
  ignore line: []
  ignore line: []
  implicit libs: []
  implicit objs: []
  implicit dirs: []
  implicit fwks: []


